<?xml version="1.0" encoding="UTF-8"?>
<testng-results ignored="0" total="8" passed="8" failed="0" skipped="0">
  <reporter-output>
  </reporter-output>
  <suite started-at="2025-09-08T16:13:07 IST" name="HospitalManagementSystem Suite" finished-at="2025-09-08T16:17:20 IST" duration-ms="253516">
    <groups>
      <group name="cucumber">
        <method signature="AbstractTestNGCucumberTests.runScenario(io.cucumber.testng.PickleWrapper,io.cucumber.testng.FeatureWrapper)[pri:0, instance:runner.TestRunner@5b94b04d]" name="runScenario" class="io.cucumber.testng.AbstractTestNGCucumberTests"/>
      </group> <!-- cucumber -->
    </groups>
    <test started-at="2025-09-08T16:13:07 IST" name="Cucumber Tests" finished-at="2025-09-08T16:17:20 IST" duration-ms="253516">
      <class name="runner.TestRunner">
        <test-method is-config="true" signature="setUpClass(org.testng.ITestContext)[pri:0, instance:runner.TestRunner@5b94b04d]" started-at="2025-09-08T16:13:07 IST" name="setUpClass" finished-at="2025-09-08T16:13:08 IST" duration-ms="1572" status="PASS">
          <params>
            <param index="0">
              <value>
                <![CDATA[org.testng.TestRunner@107ebdad]]>
              </value>
            </param>
          </params>
          <reporter-output>
          </reporter-output>
        </test-method> <!-- setUpClass -->
        <test-method signature="runScenario(io.cucumber.testng.PickleWrapper,io.cucumber.testng.FeatureWrapper)[pri:0, instance:runner.TestRunner@5b94b04d]" started-at="2025-09-08T16:13:08 IST" name="runScenario" description="Runs Cucumber Scenarios" data-provider="scenarios" finished-at="2025-09-08T16:13:51 IST" duration-ms="42925" status="PASS">
          <params>
            <param index="0">
              <value>
                <![CDATA["Positive - Creation of service type"]]>
              </value>
            </param>
            <param index="1">
              <value>
                <![CDATA["Register a patient"]]>
              </value>
            </param>
          </params>
          <reporter-output>
          </reporter-output>
        </test-method> <!-- runScenario -->
        <test-method signature="runScenario(io.cucumber.testng.PickleWrapper,io.cucumber.testng.FeatureWrapper)[pri:0, instance:runner.TestRunner@5b94b04d]" started-at="2025-09-08T16:13:51 IST" name="runScenario" description="Runs Cucumber Scenarios" data-provider="scenarios" finished-at="2025-09-08T16:14:13 IST" duration-ms="21815" status="PASS">
          <params>
            <param index="0">
              <value>
                <![CDATA["Negative - creation of duplicate service type"]]>
              </value>
            </param>
            <param index="1">
              <value>
                <![CDATA["Register a patient"]]>
              </value>
            </param>
          </params>
          <reporter-output>
          </reporter-output>
        </test-method> <!-- runScenario -->
        <test-method signature="runScenario(io.cucumber.testng.PickleWrapper,io.cucumber.testng.FeatureWrapper)[pri:0, instance:runner.TestRunner@5b94b04d]" started-at="2025-09-08T16:14:13 IST" name="runScenario" description="Runs Cucumber Scenarios" data-provider="scenarios" finished-at="2025-09-08T16:15:06 IST" duration-ms="52580" status="PASS">
          <params>
            <param index="0">
              <value>
                <![CDATA["Positive Testcase- Registration of patient with all details"]]>
              </value>
            </param>
            <param index="1">
              <value>
                <![CDATA["Register a patient"]]>
              </value>
            </param>
          </params>
          <reporter-output>
          </reporter-output>
        </test-method> <!-- runScenario -->
        <test-method signature="runScenario(io.cucumber.testng.PickleWrapper,io.cucumber.testng.FeatureWrapper)[pri:0, instance:runner.TestRunner@5b94b04d]" started-at="2025-09-08T16:15:06 IST" name="runScenario" description="Runs Cucumber Scenarios" data-provider="scenarios" finished-at="2025-09-08T16:15:39 IST" duration-ms="33663" status="PASS">
          <params>
            <param index="0">
              <value>
                <![CDATA["Negative Testcase- Attempt to register patient with missing fields"]]>
              </value>
            </param>
            <param index="1">
              <value>
                <![CDATA["Register a patient"]]>
              </value>
            </param>
          </params>
          <reporter-output>
          </reporter-output>
        </test-method> <!-- runScenario -->
        <test-method signature="runScenario(io.cucumber.testng.PickleWrapper,io.cucumber.testng.FeatureWrapper)[pri:0, instance:runner.TestRunner@5b94b04d]" started-at="2025-09-08T16:15:39 IST" name="runScenario" description="Runs Cucumber Scenarios" data-provider="scenarios" finished-at="2025-09-08T16:16:15 IST" duration-ms="35304" status="PASS">
          <params>
            <param index="0">
              <value>
                <![CDATA["Positive Case - Finding a valid patient record"]]>
              </value>
            </param>
            <param index="1">
              <value>
                <![CDATA["Find a patient record"]]>
              </value>
            </param>
          </params>
          <reporter-output>
          </reporter-output>
        </test-method> <!-- runScenario -->
        <test-method signature="runScenario(io.cucumber.testng.PickleWrapper,io.cucumber.testng.FeatureWrapper)[pri:0, instance:runner.TestRunner@5b94b04d]" started-at="2025-09-08T16:16:15 IST" name="runScenario" description="Runs Cucumber Scenarios" data-provider="scenarios" finished-at="2025-09-08T16:16:46 IST" duration-ms="31465" status="PASS">
          <params>
            <param index="0">
              <value>
                <![CDATA["Negative Case - Attempt to find a invalid patient record"]]>
              </value>
            </param>
            <param index="1">
              <value>
                <![CDATA["Find a patient record"]]>
              </value>
            </param>
          </params>
          <reporter-output>
          </reporter-output>
        </test-method> <!-- runScenario -->
        <test-method signature="runScenario(io.cucumber.testng.PickleWrapper,io.cucumber.testng.FeatureWrapper)[pri:0, instance:runner.TestRunner@5b94b04d]" started-at="2025-09-08T16:16:46 IST" name="runScenario" description="Runs Cucumber Scenarios" data-provider="scenarios" finished-at="2025-09-08T16:17:06 IST" duration-ms="19530" status="PASS">
          <params>
            <param index="0">
              <value>
                <![CDATA["Positive - Login with valid credentials"]]>
              </value>
            </param>
            <param index="1">
              <value>
                <![CDATA["Login Functionality"]]>
              </value>
            </param>
          </params>
          <reporter-output>
          </reporter-output>
        </test-method> <!-- runScenario -->
        <test-method signature="runScenario(io.cucumber.testng.PickleWrapper,io.cucumber.testng.FeatureWrapper)[pri:0, instance:runner.TestRunner@5b94b04d]" started-at="2025-09-08T16:17:06 IST" name="runScenario" description="Runs Cucumber Scenarios" data-provider="scenarios" finished-at="2025-09-08T16:17:19 IST" duration-ms="13232" status="PASS">
          <params>
            <param index="0">
              <value>
                <![CDATA["Negative - Login with invalid credentials"]]>
              </value>
            </param>
            <param index="1">
              <value>
                <![CDATA["Login Functionality"]]>
              </value>
            </param>
          </params>
          <reporter-output>
          </reporter-output>
        </test-method> <!-- runScenario -->
        <test-method is-config="true" signature="tearDownClass()[pri:0, instance:runner.TestRunner@5b94b04d]" started-at="2025-09-08T16:17:19 IST" name="tearDownClass" finished-at="2025-09-08T16:17:20 IST" duration-ms="1213" status="PASS">
          <reporter-output>
          </reporter-output>
        </test-method> <!-- tearDownClass -->
      </class> <!-- runner.TestRunner -->
    </test> <!-- Cucumber Tests -->
  </suite> <!-- HospitalManagementSystem Suite -->
</testng-results>
